app/build/outputs/mapping/release/seeds.txt
com.internetconnection.MainActivity
com.internetconnection.MainActivity: MainActivity()
com.internetconnection.R$anim: int abc_fade_in
com.internetconnection.R$anim: int abc_fade_out
com.internetconnection.R$anim: int abc_grow_fade_in_from_bottom
com.internetconnection.R$anim: int abc_popup_enter
com.internetconnection.R$anim: int abc_popup_exit
com.internetconnection.R$anim: int abc_shrink_fade_out_from_bottom
com.internetconnection.R$anim: int abc_slide_in_bottom
com.internetconnection.R$anim: int abc_slide_in_top
com.internetconnection.R$anim: int abc_slide_out_bottom
com.internetconnection.R$anim: int abc_slide_out_top
com.internetconnection.R$anim: int abc_tooltip_enter
com.internetconnection.R$anim: int abc_tooltip_exit
com.internetconnection.R$attr: int actionBarDivider
com.internetconnection.R$attr: int actionBarItemBackground
com.internetconnection.R$attr: int actionBarPopupTheme
com.internetconnection.R$attr: int actionBarSize
com.internetconnection.R$attr: int actionBarSplitStyle
com.internetconnection.R$attr: int actionBarStyle
com.internetconnection.R$attr: int actionBarTabBarStyle
com.internetconnection.R$attr: int actionBarTabStyle
com.internetconnection.R$attr: int actionBarTabTextStyle
com.internetconnection.R$attr: int actionBarTheme
com.internetconnection.R$attr: int actionBarWidgetTheme
com.internetconnection.R$attr: int actionButtonStyle
com.internetconnection.R$attr: int actionDropDownStyle
com.internetconnection.R$attr: int actionLayout
com.internetconnection.R$attr: int actionMenuTextAppearance
com.internetconnection.R$attr: int actionMenuTextColor
com.internetconnection.R$attr: int actionModeBackground
com.internetconnection.R$attr: int actionModeCloseButtonStyle
com.internetconnection.R$attr: int actionModeCloseDrawable
com.internetconnection.R$attr: int actionModeCopyDrawable
com.internetconnection.R$attr: int actionModeCutDrawable
com.internetconnection.R$attr: int actionModeFindDrawable
com.internetconnection.R$attr: int actionModePasteDrawable
com.internetconnection.R$attr: int actionModePopupWindowStyle
com.internetconnection.R$attr: int actionModeSelectAllDrawable
com.internetconnection.R$attr: int actionModeShareDrawable
com.internetconnection.R$bool: int abc_action_bar_embed_tabs
com.internetconnection.R$bool: int abc_allow_stacked_button_bar
com.internetconnection.R$bool: int abc_config_actionMenuItemAllCaps
com.internetconnection.R$bool: int abc_config_showMenuShortcutsWhenKeyboardPresent
com.internetconnection.R$color: int abc_background_cache_hint_selector_material_dark
com.internetconnection.R$color: int abc_background_cache_hint_selector_material_light
com.internetconnection.R$color: int abc_btn_colored_borderless_text_material
com.internetconnection.R$color: int abc_btn_colored_text_material
com.internetconnection.R$color: int abc_color_highlight_material
com.internetconnection.R$color: int abc_hint_foreground_material_dark
com.internetconnection.R$color: int abc_hint_foreground_material_light
com.internetconnection.R$color: int abc_input_method_navigation_guard
com.internetconnection.R$color: int abc_primary_text_disable_only_material_dark
com.internetconnection.R$color: int abc_primary_text_disable_only_material_light
com.internetconnection.R$color: int abc_primary_text_material_dark
com.internetconnection.R$color: int abc_primary_text_material_light
com.internetconnection.R$color: int abc_search_url_text
com.internetconnection.R$color: int abc_search_url_text_normal
com.internetconnection.R$color: int abc_search_url_text_pressed
com.internetconnection.R$color: int abc_search_url_text_selected
com.internetconnection.R$color: int abc_secondary_text_material_dark
com.internetconnection.R$color: int abc_secondary_text_material_light
com.internetconnection.R$color: int abc_tint_btn_checkable
com.internetconnection.R$color: int abc_tint_default
com.internetconnection.R$color: int abc_tint_edittext
com.internetconnection.R$color: int abc_tint_seek_thumb
...
android.support.fragment.R$string: int status_bar_notification_info_overflow
android.support.fragment.R$style: int TextAppearance_Compat_Notification
android.support.fragment.R$style: int TextAppearance_Compat_Notification_Info
android.support.fragment.R$style: int TextAppearance_Compat_Notification_Line2
android.support.fragment.R$style: int TextAppearance_Compat_Notification_Time
android.support.fragment.R$style: int TextAppearance_Compat_Notification_Title
android.support.fragment.R$style: int Widget_Compat_NotificationActionContainer
android.support.fragment.R$style: int Widget_Compat_NotificationActionText
android.support.fragment.R$style: int Widget_Support_CoordinatorLayout
android.support.fragment.R$styleable: int[] CoordinatorLayout
android.support.fragment.R$styleable: int CoordinatorLayout_keylines
android.support.fragment.R$styleable: int CoordinatorLayout_statusBarBackground
android.support.fragment.R$styleable: int[] CoordinatorLayout_Layout
android.support.fragment.R$styleable: int CoordinatorLayout_Layout_android_layout_gravity
android.support.fragment.R$styleable: int CoordinatorLayout_Layout_layout_anchor
android.support.fragment.R$styleable: int CoordinatorLayout_Layout_layout_anchorGravity
android.support.fragment.R$styleable: int CoordinatorLayout_Layout_layout_behavior
android.support.fragment.R$styleable: int CoordinatorLayout_Layout_layout_dodgeInsetEdges
android.support.fragment.R$styleable: int CoordinatorLayout_Layout_layout_insetEdge
android.support.fragment.R$styleable: int CoordinatorLayout_Layout_layout_keyline
android.support.fragment.R$styleable: int[] FontFamily
android.support.fragment.R$styleable: int FontFamily_fontProviderAuthority
android.support.fragment.R$styleable: int FontFamily_fontProviderCerts
android.support.fragment.R$styleable: int FontFamily_fontProviderFetchStrategy
android.support.fragment.R$styleable: int FontFamily_fontProviderFetchTimeout
android.support.fragment.R$styleable: int FontFamily_fontProviderPackage
android.support.fragment.R$styleable: int FontFamily_fontProviderQuery
android.support.fragment.R$styleable: int[] FontFamilyFont
android.support.graphics.drawable.R$attr: int font
android.support.graphics.drawable.R$attr: int fontProviderAuthority
android.support.graphics.drawable.R$attr: int fontProviderCerts
android.support.graphics.drawable.R$attr: int fontProviderFetchStrategy
android.support.graphics.drawable.R$attr: int fontProviderFetchTimeout
android.support.graphics.drawable.R$attr: int fontProviderPackage
android.support.graphics.drawable.R$attr: int fontProviderQuery
android.support.graphics.drawable.R$attr: int fontStyle
android.support.graphics.drawable.R$attr: int fontWeight
android.support.graphics.drawable.R$bool: int abc_action_bar_embed_tabs
android.support.graphics.drawable.R$color: int notification_action_color_filter
android.support.graphics.drawable.R$color: int notification_icon_bg_color
android.support.graphics.drawable.R$color: int ripple_material_light
android.support.graphics.drawable.R$color: int secondary_text_default_material_light