app/build/outputs/mapping/release/mapping.txt
com.internetconnection.MainActivity -> com.internetconnection.MainActivity:
    void <init>() -> <init>
    void onCreate(android.os.Bundle) -> onCreate
...
android.support.v4.app.FragmentManagerImpl$EndViewTransitionAnimator -> android.support.v4.app.m$e:
    android.view.ViewGroup mParent -> a
    android.view.View mChild -> b
    boolean mEnded -> c
    boolean mTransitionEnded -> d
    void <init>(android.view.animation.Animation,android.view.ViewGroup,android.view.View) -> <init>
    boolean getTransformation(long,android.view.animation.Transformation) -> getTransformation
    boolean getTransformation(long,android.view.animation.Transformation,float) -> getTransformation
    void run() -> run
android.support.v4.app.FragmentManagerImpl$FragmentTag -> android.support.v4.app.m$f:
    int[] Fragment -> a
    void <clinit>() -> <clinit>
android.support.v4.app.FragmentManagerImpl$OpGenerator -> android.support.v4.app.m$g:
    boolean generateOps(java.util.ArrayList,java.util.ArrayList) -> a
android.support.v4.app.FragmentManagerImpl$StartEnterTransitionListener -> android.support.v4.app.m$h:
    boolean mIsBack -> a
    android.support.v4.app.BackStackRecord mRecord -> b
    int mNumPostponed -> c
    void <init>(android.support.v4.app.BackStackRecord,boolean) -> <init>
    void onStartEnterTransition() -> a
    void startListening() -> b
    boolean isReady() -> c
    void completeTransaction() -> d
    void cancelTransaction() -> e
    boolean access$300(android.support.v4.app.FragmentManagerImpl$StartEnterTransitionListener) -> a
    android.support.v4.app.BackStackRecord access$400(android.support.v4.app.FragmentManagerImpl$StartEnterTransitionListener) -> b
android.support.v4.app.FragmentManagerNonConfig -> android.support.v4.app.n:
    java.util.List mFragments -> a
    java.util.List mChildNonConfigs -> b
    java.util.List mViewModelStores -> c
    void <init>(java.util.List,java.util.List,java.util.List) -> <init>
    java.util.List getFragments() -> a
    java.util.List getChildNonConfigs() -> b
    java.util.List getViewModelStores() -> c
android.support.v4.app.FragmentManagerState -> android.support.v4.app.o:
    android.support.v4.app.FragmentState[] mActive -> a
    int[] mAdded -> b
    android.support.v4.app.BackStackState[] mBackStack -> c
    int mPrimaryNavActiveIndex -> d
    int mNextFragmentIndex -> e
    android.os.Parcelable$Creator CREATOR -> CREATOR
    void <init>() -> <init>
    void <init>(android.os.Parcel) -> <init>
    int describeContents() -> describeContents
    void writeToParcel(android.os.Parcel,int) -> writeToParcel
    void <clinit>() -> <clinit>
android.support.v4.app.FragmentManagerState$1 -> android.support.v4.app.o$1:
    void <init>() -> <init>
    android.support.v4.app.FragmentManagerState createFromParcel(android.os.Parcel) -> a
    android.support.v4.app.FragmentManagerState[] newArray(int) -> a
    java.lang.Object[] newArray(int) -> newArray
    java.lang.Object createFromParcel(android.os.Parcel) -> createFromParcel
android.support.v4.app.FragmentState -> android.support.v4.app.p:
    java.lang.String mClassName -> a
    int mIndex -> b
    boolean mFromLayout -> c
    int mFragmentId -> d
    int mContainerId -> e
    java.lang.String mTag -> f
    boolean mRetainInstance -> g
    boolean mDetached -> h
    android.os.Bundle mArguments -> i
    boolean mHidden -> j
    android.os.Bundle mSavedFragmentState -> k
    android.support.v4.app.Fragment mInstance -> l
    android.os.Parcelable$Creator CREATOR -> CREATOR
    void <init>(android.support.v4.app.Fragment) -> <init>
    void <init>(android.os.Parcel) -> <init>
    android.support.v4.app.Fragment instantiate(android.support.v4.app.FragmentHostCallback,android.support.v4.app.FragmentContainer,android.support.v4.app.Fragment,android.support.v4.app.FragmentManagerNonConfig,android.arch.lifecycle.ViewModelStore) -> a
    int describeContents() -> describeContents
    void writeToParcel(android.os.Parcel,int) -> writeToParcel
    void <clinit>() -> <clinit>