app/build/outputs/mapping/release/usage.txt
com.internetconnection.BuildConfig
com.internetconnection.R
com.internetconnection.R$anim
com.internetconnection.R$attr
com.internetconnection.R$bool
com.internetconnection.R$color
com.internetconnection.R$dimen
com.internetconnection.R$drawable
com.internetconnection.R$id
com.internetconnection.R$integer
com.internetconnection.R$layout
com.internetconnection.R$mipmap
com.internetconnection.R$string
com.internetconnection.R$style
com.internetconnection.R$styleable
...
android.support.annotation.UiThread
android.support.annotation.VisibleForTesting
android.support.annotation.WorkerThread
android.support.annotation.XmlRes
android.support.compat.R:
    9:9:public R()
android.support.compat.R$attr
android.support.compat.R$bool
android.support.compat.R$color
android.support.compat.R$dimen
android.support.compat.R$drawable
android.support.compat.R$id:
    66:66:public R$id()
android.support.compat.R$integer
android.support.compat.R$layout
android.support.compat.R$string
android.support.compat.R$style
android.support.compat.R$styleable:
    117:117:public R$styleable()
android.support.constraint.Barrier:
    public static final int LEFT
    public static final int TOP
    public static final int RIGHT
    public static final int BOTTOM
    public static final int START
    public static final int END
    110:122:public Barrier(android.content.Context,android.util.AttributeSet)
    110:127:public Barrier(android.content.Context,android.util.AttributeSet,int)
android.support.constraint.BuildConfig
android.support.constraint.ConstraintHelper:
    40:73:public ConstraintHelper(android.content.Context,android.util.AttributeSet)
    40:79:public ConstraintHelper(android.content.Context,android.util.AttributeSet,int)
android.support.constraint.ConstraintLayout:
    static final boolean ALLOWS_EMBEDDED
    public static final java.lang.String VERSION
    private static final java.lang.String TAG
    private static final boolean USE_CONSTRAINTS_HELPER
    private static final boolean DEBUG
    public static final int DESIGN_INFO_ID
    1481:1483:public void fillMetrics(android.support.constraint.solver.Metrics)
    1958:1958:public android.view.View getViewById(int)
android.support.constraint.ConstraintLayout$LayoutParams:
    public static final int MATCH_CONSTRAINT
    public static final int PARENT_ID
    public static final int UNSET
    public static final int HORIZONTAL
    public static final int VERTICAL
    public static final int LEFT
    public static final int RIGHT
    public static final int TOP
    public static final int BOTTOM
    public static final int BASELINE
    public static final int START
    public static final int END
    public static final int MATCH_CONSTRAINT_WRAP
    public static final int MATCH_CONSTRAINT_SPREAD
    public static final int MATCH_CONSTRAINT_PERCENT
    public static final int CHAIN_SPREAD
    public static final int CHAIN_SPREAD_INSIDE
    public static final int CHAIN_PACKED
    2408:2411:public void reset()
    2109:2481:public ConstraintLayout$LayoutParams(android.support.constraint.ConstraintLayout$LayoutParams)